<?xml version="1.0" encoding="UTF-8"?>
<!-- Generated by org.testng.reporters.JUnitReportReporter -->
<testsuite hostname="Abdou-PC" name="com.selenium.xml.HomePage" tests="2" failures="0" timestamp="14 Jun 2020 21:24:32 GMT" time="58.082" errors="0">
  <testcase name="getUrlTest" time="30.889" classname="com.selenium.xml.HomePage"/>
  <testcase name="checkButtonTest" time="27.193" classname="com.selenium.xml.HomePage"/>
</testsuite> <!-- com.selenium.xml.HomePage -->
